<?xml version="1.0" encoding="UTF-8"?>
<!-- Generated by org.testng.reporters.JUnitXMLReporter -->
<testsuite ignored="0" hostname="Fi-Sathish-D" failures="0" tests="31" name="Get_API" time="6.384" errors="0" timestamp="2023-05-26T15:37:45 IST">
  <testcase classname="API.Automation.Regression.GetAPI_All" name="Announcements" time="0.188"/>
  <testcase classname="API.Automation.Regression.GetAPI_All" name="Dashboard_portfolio_Allocation_Asset_All" time="0.169"/>
  <testcase classname="API.Automation.Regression.GetAPI_All" name="Dashboard_portfolio_Allocation_category" time="0.151"/>
  <testcase classname="API.Automation.Regression.GetAPI_All" name="Dashboard_portfolio_Allocation_credit" time="0.246"/>
  <testcase classname="API.Automation.Regression.GetAPI_All" name="Dashboard_portfolio_Allocation_fi_style" time="0.19"/>
  <testcase classname="API.Automation.Regression.GetAPI_All" name="Feature" time="0.217"/>
  <testcase classname="API.Automation.Regression.GetAPI_All" name="Holding_Profile" time="0.331"/>
  <testcase classname="API.Automation.Regression.GetAPI_All" name="Investor_Goal_Holding" time="0.185"/>
  <testcase classname="API.Automation.Regression.GetAPI_All" name="Investor_Goals" time="0.157"/>
  <testcase classname="API.Automation.Regression.GetAPI_All" name="MF_Scheme" time="0.194"/>
  <testcase classname="API.Automation.Regression.GetAPI_All" name="NFO_Search" time="0.264"/>
  <testcase classname="API.Automation.Regression.GetAPI_All" name="ProductSearch_MF_Form" time="0.254"/>
  <testcase classname="API.Automation.Regression.GetAPI_All" name="Select_Funds" time="0.247"/>
  <testcase classname="API.Automation.Regression.GetAPI_All" name="Super_Savings" time="0.19"/>
  <testcase classname="API.Automation.Regression.GetAPI_All" name="User_Profile" time="0.172"/>
  <testcase classname="API.Automation.Regression.GetAPI_All" name="lookup" time="0.199"/>
  <testcase classname="API.Automation.Regression.GetAPI_All" name="product_search_mf_form" time="0.161"/>
  <testcase classname="API.Automation.Regression.GetAPI_All" name="Contact_Info" time="0.19"/>
  <testcase classname="API.Automation.Regression.GetAPI_All" name="Current_SIPS" time="0.481"/>
  <testcase classname="API.Automation.Regression.GetAPI_All" name="Dashboard" time="0.153"/>
  <testcase classname="API.Automation.Regression.GetAPI_All" name="Folio_Banklist" time="0.159"/>
  <testcase classname="API.Automation.Regression.GetAPI_All" name="Invested_Schemes" time="0.209"/>
  <testcase classname="API.Automation.Regression.GetAPI_All" name="Pending_Payments" time="0.172"/>
  <testcase classname="API.Automation.Regression.GetAPI_All" name="Power_STPs" time="0.163"/>
  <testcase classname="API.Automation.Regression.GetAPI_All" name="Recent_Transactions" time="0.155"/>
  <testcase classname="API.Automation.Regression.GetAPI_All" name="STP" time="0.143"/>
  <testcase classname="API.Automation.Regression.GetAPI_All" name="SWP" time="0.138"/>
  <testcase classname="API.Automation.Regression.GetAPI_All" name="Scheme_info" time="0.182"/>
  <testcase classname="API.Automation.Regression.GetAPI_All" name="Systematic_plan" time="0.332"/>
  <testcase classname="API.Automation.Regression.GetAPI_All" name="Transactions_Authorization" time="0.144"/>
  <testcase classname="API.Automation.Regression.GetAPI_All" name="Triggers" time="0.192"/>
</testsuite> <!-- Get_API -->
